<?xml version="1.0" encoding="UTF-8" ?>
<testsuite failures="0" time="30.802" errors="0" skipped="0" tests="14" name="org.fusesource.rocksdbjni.test.DBTest">
  <properties>
    <property name="java.runtime.name" value="Java(TM) SE Runtime Environment"/>
    <property name="sun.boot.library.path" value="/export/apps/jdk/JDK-1_6_0_27/jre/lib/amd64"/>
    <property name="java.vm.version" value="20.2-b06"/>
    <property name="java.vm.vendor" value="Sun Microsystems Inc."/>
    <property name="java.vendor.url" value="http://java.sun.com/"/>
    <property name="path.separator" value=":"/>
    <property name="java.vm.name" value="Java HotSpot(TM) 64-Bit Server VM"/>
    <property name="file.encoding.pkg" value="sun.io"/>
    <property name="user.country" value="US"/>
    <property name="sun.java.launcher" value="SUN_STANDARD"/>
    <property name="sun.os.patch.level" value="unknown"/>
    <property name="java.vm.specification.name" value="Java Virtual Machine Specification"/>
    <property name="user.dir" value="/home/aigupta/rocksdbjni/rocksdbjni-linux64/target"/>
    <property name="java.runtime.version" value="1.6.0_27-b07"/>
    <property name="java.awt.graphicsenv" value="sun.awt.X11GraphicsEnvironment"/>
    <property name="basedir" value="/home/aigupta/rocksdbjni/rocksdbjni-linux64"/>
    <property name="java.endorsed.dirs" value="/export/apps/jdk/JDK-1_6_0_27/jre/lib/endorsed"/>
    <property name="os.arch" value="amd64"/>
    <property name="surefire.real.class.path" value="/tmp/surefirebooter628825876308226770.jar"/>
    <property name="java.io.tmpdir" value="/tmp"/>
    <property name="line.separator" value="
"/>
    <property name="java.vm.specification.vendor" value="Sun Microsystems Inc."/>
    <property name="os.name" value="Linux"/>
    <property name="sun.jnu.encoding" value="UTF-8"/>
    <property name="java.library.path" value="/export/apps/jdk/JDK-1_6_0_27/jre/lib/amd64/server:/export/apps/jdk/JDK-1_6_0_27/jre/lib/amd64:/export/apps/jdk/JDK-1_6_0_27/jre/../lib/amd64:/export/apps/xtools/oracle-instant-client_10.2:/usr/java/packages/lib/amd64:/usr/lib64:/lib64:/lib:/usr/lib"/>
    <property name="surefire.test.class.path" value="/home/aigupta/rocksdbjni/rocksdbjni-linux64/target/test-classes:/home/aigupta/rocksdbjni/rocksdbjni-linux64/target/classes:/home/aigupta/rocksdbjni/rocksdbjni/target/rocksdbjni-0.1.jar:/home/aigupta/.m2/repository/org/fusesource/hawtjni/hawtjni-runtime/1.9/hawtjni-runtime-1.9.jar:/home/aigupta/.m2/repository/org/iq80/leveldb/leveldb-api/0.6/leveldb-api-0.6.jar:/home/aigupta/.m2/repository/junit/junit/4.7/junit-4.7.jar:"/>
    <property name="java.specification.name" value="Java Platform API Specification"/>
    <property name="java.class.version" value="50.0"/>
    <property name="sun.management.compiler" value="HotSpot 64-Bit Tiered Compilers"/>
    <property name="os.version" value="2.6.32-131.4.1.el6.x86_64"/>
    <property name="user.home" value="/home/aigupta"/>
    <property name="user.timezone" value=""/>
    <property name="java.awt.printerjob" value="sun.print.PSPrinterJob"/>
    <property name="file.encoding" value="UTF-8"/>
    <property name="java.specification.version" value="1.6"/>
    <property name="user.name" value="aigupta"/>
    <property name="java.class.path" value="/home/aigupta/rocksdbjni/rocksdbjni-linux64/target/test-classes:/home/aigupta/rocksdbjni/rocksdbjni-linux64/target/classes:/home/aigupta/rocksdbjni/rocksdbjni/target/rocksdbjni-0.1.jar:/home/aigupta/.m2/repository/org/fusesource/hawtjni/hawtjni-runtime/1.9/hawtjni-runtime-1.9.jar:/home/aigupta/.m2/repository/org/iq80/leveldb/leveldb-api/0.6/leveldb-api-0.6.jar:/home/aigupta/.m2/repository/junit/junit/4.7/junit-4.7.jar:"/>
    <property name="java.vm.specification.version" value="1.0"/>
    <property name="sun.arch.data.model" value="64"/>
    <property name="java.home" value="/export/apps/jdk/JDK-1_6_0_27/jre"/>
    <property name="sun.java.command" value="/tmp/surefirebooter628825876308226770.jar /tmp/surefire4925762762809723603tmp /tmp/surefire1918586125545387910tmp"/>
    <property name="java.specification.vendor" value="Sun Microsystems Inc."/>
    <property name="user.language" value="en"/>
    <property name="java.vm.info" value="mixed mode"/>
    <property name="java.version" value="1.6.0_27"/>
    <property name="java.ext.dirs" value="/export/apps/jdk/JDK-1_6_0_27/jre/lib/ext:/usr/java/packages/lib/ext"/>
    <property name="sun.boot.class.path" value="/export/apps/jdk/JDK-1_6_0_27/jre/lib/resources.jar:/export/apps/jdk/JDK-1_6_0_27/jre/lib/rt.jar:/export/apps/jdk/JDK-1_6_0_27/jre/lib/sunrsasign.jar:/export/apps/jdk/JDK-1_6_0_27/jre/lib/jsse.jar:/export/apps/jdk/JDK-1_6_0_27/jre/lib/jce.jar:/export/apps/jdk/JDK-1_6_0_27/jre/lib/charsets.jar:/export/apps/jdk/JDK-1_6_0_27/jre/lib/modules/jdk.boot.jar:/export/apps/jdk/JDK-1_6_0_27/jre/classes"/>
    <property name="java.vendor" value="Sun Microsystems Inc."/>
    <property name="localRepository" value="/home/aigupta/.m2/repository"/>
    <property name="file.separator" value="/"/>
    <property name="java.vendor.url.bug" value="http://java.sun.com/cgi-bin/bugreport.cgi"/>
    <property name="sun.cpu.endian" value="little"/>
    <property name="sun.io.unicode.encoding" value="UnicodeLittle"/>
    <property name="sun.desktop" value="gnome"/>
    <property name="sun.cpu.isalist" value=""/>
  </properties>
  <testcase time="0.15" classname="org.fusesource.rocksdbjni.test.DBTest" name="testOpen"/>
  <testcase time="0.146" classname="org.fusesource.rocksdbjni.test.DBTest" name="testRepair"/>
  <testcase time="0.094" classname="org.fusesource.rocksdbjni.test.DBTest" name="testCRUD"/>
  <testcase time="0.094" classname="org.fusesource.rocksdbjni.test.DBTest" name="testIterator"/>
  <testcase time="0.097" classname="org.fusesource.rocksdbjni.test.DBTest" name="testMerge"/>
  <testcase time="0.09" classname="org.fusesource.rocksdbjni.test.DBTest" name="testSnapshot"/>
  <testcase time="2.211" classname="org.fusesource.rocksdbjni.test.DBTest" name="testCompactRanges"/>
  <testcase time="0.093" classname="org.fusesource.rocksdbjni.test.DBTest" name="testWriteBatch"/>
  <testcase time="2.633" classname="org.fusesource.rocksdbjni.test.DBTest" name="testApproximateSizes"/>
  <testcase time="0.102" classname="org.fusesource.rocksdbjni.test.DBTest" name="testCustomComparator1"/>
  <testcase time="0.099" classname="org.fusesource.rocksdbjni.test.DBTest" name="testCustomComparator2"/>
  <testcase time="0.095" classname="org.fusesource.rocksdbjni.test.DBTest" name="testSuspendAndResumeCompactions"/>
  <testcase time="24.76" classname="org.fusesource.rocksdbjni.test.DBTest" name="testIssue26"/>
  <testcase time="0.093" classname="org.fusesource.rocksdbjni.test.DBTest" name="testIssue27"/>
</testsuite>